#
# A fatal error has been detected by the Java Runtime Environment:
#
#  SIGSEGV (0xb) at pc=0xb34ea09d, pid=5272, tid=1755790144
#
# JRE version: 6.0_30-b30
# Java VM: OpenJDK Server VM (23.25-b01 mixed mode linux-x86 )
# Problematic frame:
# v  ~BufferBlob::jni_fast_GetLongField
#
# Failed to write core dump. Core dumps have been disabled. To enable core dumping, try "ulimit -c unlimited" before starting Java again
#
# If you would like to submit a bug report, please include
# instructions how to reproduce the bug and visit:
#   https://bugs.launchpad.net/ubuntu/+source/openjdk-6/
# The crash happened outside the Java Virtual Machine in native code.
# See problematic frame for where to report the bug.
#

---------------  T H R E A D  ---------------

Current thread (0x68950000):  JavaThread "AWT-XAWT" daemon [_thread_in_native, id=5296, stack(0x68a23000,0x68a74000)]

siginfo:si_signo=SIGSEGV: si_errno=0, si_code=1 (SEGV_MAPERR), si_addr=0x00000000

Registers:
EAX=0x00000000, EBX=0x68f42000, ECX=0x0000000a, EDX=0x00000000
ESP=0x68a72e88, EBP=0x68a72ed8, ESI=0x00000042, EDI=0x68950128
EIP=0xb34ea09d, EFLAGS=0x00010246, CR2=0x00000000

Top of Stack: (sp=0x68a72e88)
0x68a72e88:   00000000 68f0e763 68950128 00000000
0x68a72e98:   00000042 00000000 0000003d 000000b9
0x68a72ea8:   68950000 68950128 09431818 09431810
0x68a72eb8:   68a72ed8 68f0e834 b7128bc0 00010002
0x68a72ec8:   68f0e73f 68ef1000 094d8260 00000000
0x68a72ed8:   094d7c40 68e1ce18 094d7c40 00000000
0x68a72ee8:   00000000 b34a63f9 b34b5a14 b34a5b48
0x68a72ef8:   68e1cdb9 68ef1000 094d78c8 01200003 

Instructions: (pc=0xb34ea09d)
0xb34ea07d:   00 00 00 56 8b 0d 3c 3b 14 b7 f6 c1 01 0f 85 30
0xb34ea08d:   00 00 00 8b c1 83 e0 01 8b 54 04 0c 8b 74 24 10
0xb34ea09d:   8b 12 c1 ee 02 8b 04 32 8b 54 32 04 be 3c 3b 14
0xb34ea0ad:   b7 33 f2 33 f0 33 f2 33 f0 3b 0e 0f 85 02 00 00 

Register to memory mapping:

EAX=0x00000000 is an unknown value
EBX=0x68f42000: <offset 0x4e000> in /usr/lib/jvm/java-6-openjdk-i386/jre/lib/i386/xawt/libmawt.so at 0x68ef4000
ECX=0x0000000a is an unknown value
EDX=0x00000000 is an unknown value
ESP=0x68a72e88 is pointing into the stack for thread: 0x68950000
EBP=0x68a72ed8 is pointing into the stack for thread: 0x68950000
ESI=0x00000042 is an unknown value
EDI=0x68950128 is an unknown value


Stack: [0x68a23000,0x68a74000],  sp=0x68a72e88,  free space=319k
Native frames: (J=compiled Java code, j=interpreted, Vv=VM code, C=native code)
v  ~BufferBlob::jni_fast_GetLongField

Java frames: (J=compiled Java code, j=interpreted, Vv=VM code)
j  sun.awt.X11.XlibWrapper.XFilterEvent(JJ)Z+0
J  sun.awt.X11.XToolkit.run(Z)V
j  sun.awt.X11.XToolkit.run()V+5
j  java.lang.Thread.run()V+11
v  ~StubRoutines::call_stub

---------------  P R O C E S S  ---------------

Java Threads: ( => current thread )
  0xb6506800 JavaThread "DestroyJavaVM" [_thread_blocked, id=5277, stack(0xb662a000,0xb667b000)]
  0x68715800 JavaThread "AWT-EventQueue-1" [_thread_blocked, id=5299, stack(0x6880d000,0x6885e000)]
  0x68714400 JavaThread "AWT-Shutdown" [_thread_blocked, id=5298, stack(0x6885e000,0x688af000)]
=>0x68950000 JavaThread "AWT-XAWT" daemon [_thread_in_native, id=5296, stack(0x68a23000,0x68a74000)]
  0x6909d800 JavaThread "Java2D Disposer" daemon [_thread_blocked, id=5295, stack(0x68c60000,0x68cb1000)]
  0x6977f800 JavaThread "Low Memory Detector" daemon [_thread_blocked, id=5291, stack(0x69188000,0x691d9000)]
  0x6977dc00 JavaThread "C2 CompilerThread1" daemon [_thread_blocked, id=5290, stack(0x691d9000,0x6925a000)]
  0x6977bc00 JavaThread "C2 CompilerThread0" daemon [_thread_blocked, id=5289, stack(0x6925a000,0x692db000)]
  0x6977a000 JavaThread "Signal Dispatcher" daemon [_thread_blocked, id=5288, stack(0x692db000,0x6932c000)]
  0x6973d800 JavaThread "Finalizer" daemon [_thread_blocked, id=5287, stack(0x6965e000,0x696af000)]
  0x6973bc00 JavaThread "Reference Handler" daemon [_thread_blocked, id=5286, stack(0x696af000,0x69700000)]

Other Threads:
  0x69730800 VMThread [stack: 0x6c94c000,0x6c9cd000] [id=5285]
  0x69781800 WatcherThread [stack: 0x69107000,0x69188000] [id=5292]

VM state:not at safepoint (normal execution)

VM Mutex/Monitor currently owned by a thread: None

Heap
 PSYoungGen      total 18624K, used 4489K [0x9e7e0000, 0x9fca0000, 0xb33e0000)
  eden space 16000K, 28% used [0x9e7e0000,0x9ec42550,0x9f780000)
  from space 2624K, 0% used [0x9fa10000,0x9fa10000,0x9fca0000)
  to   space 2624K, 0% used [0x9f780000,0x9f780000,0x9fa10000)
 ParOldGen       total 42496K, used 0K [0x74fe0000, 0x77960000, 0x9e7e0000)
  object space 42496K, 0% used [0x74fe0000,0x74fe0000,0x77960000)
 PSPermGen       total 16384K, used 7129K [0x6cfe0000, 0x6dfe0000, 0x74fe0000)
  object space 16384K, 43% used [0x6cfe0000,0x6d6d6760,0x6dfe0000)

Card table byte_map: [0x6cdad000,0x6cfe0000] byte_map_base: 0x6ca45100

Polling page: 0xb7754000

Code Cache  [0xb34a3000, 0xb36e3000, 0xb64a3000)
 total_blobs=269 nmethods=46 adapters=176 free_code_cache=48659Kb largest_free_block=49790272

Compilation events (10 events):
Event: 6293.322 Thread 0x6977bc00   40             java.util.TreeMap::getEntry (84 bytes)
Event: 6293.326 Thread 0x6977bc00 nmethod 40 0xb3506b48 code [0xb3506c40, 0xb3506d70]
Event: 6536.713 Thread 0x6977dc00    2 % !         sun.awt.X11.XToolkit::run @ 38 (366 bytes)
Event: 6536.817 Thread 0x6977dc00 nmethod 2% 0xb3510188 code [0xb3510940, 0xb3513680]
Event: 7426.468 Thread 0x6977bc00    3 % !         sun.awt.X11.XToolkit::run @ 38 (366 bytes)
Event: 7426.579 Thread 0x6977bc00 nmethod 3% 0xb35178c8 code [0xb3518080, 0xb351ae00]
Event: 8968.298 Thread 0x6977dc00    4 % !         sun.awt.X11.XToolkit::run @ 38 (366 bytes)
Event: 8968.704 Thread 0x6977dc00 nmethod 4% 0xb351ef88 code [0xb351f780, 0xb35228ec]
Event: 10045.763 Thread 0x6977bc00   42             java.util.HashMap::hash (23 bytes)
Event: 10045.763 Thread 0x6977bc00 nmethod 42 0xb3508a88 code [0xb3508b60, 0xb3508bb0]

GC Heap History (0 events):
No events

Deoptimization events (5 events):
Event: 5.141 Thread 0x68715800 Uncommon trap -34 fr.pc 0xb34ef04c
Event: 5.141 Thread 0x68715800 Uncommon trap -34 fr.pc 0xb34ef04c
Event: 5.141 Thread 0x68715800 Uncommon trap -34 fr.pc 0xb34ef04c
Event: 7004.788 Thread 0x68950000 Uncommon trap -12 fr.pc 0xb3512f64
Event: 8467.922 Thread 0x68950000 Uncommon trap -83 fr.pc 0xb3519a48

Internal exceptions (10 events):
Event: 2.811 Thread 0xb6506800 Threw 0x9ea12978 at /build/buildd/openjdk-6-6b30-1.13.1/build/openjdk/hotspot/src/share/vm/prims/jvm.cpp:1235
Event: 2.812 Thread 0xb6506800 Threw 0x9ea13d80 at /build/buildd/openjdk-6-6b30-1.13.1/build/openjdk/hotspot/src/share/vm/prims/jvm.cpp:1235
Event: 2.813 Thread 0xb6506800 Threw 0x9ea17aa8 at /build/buildd/openjdk-6-6b30-1.13.1/build/openjdk/hotspot/src/share/vm/classfile/systemDictionary.cpp:179
Event: 2.813 Thread 0xb6506800 Threw 0x9ea17f08 at /build/buildd/openjdk-6-6b30-1.13.1/build/openjdk/hotspot/src/share/vm/prims/jvm.cpp:1235
Event: 2.813 Thread 0xb6506800 Threw 0x9ea192d0 at /build/buildd/openjdk-6-6b30-1.13.1/build/openjdk/hotspot/src/share/vm/prims/jvm.cpp:1235
Event: 2.813 Thread 0xb6506800 Threw 0x9ea1ab48 at /build/buildd/openjdk-6-6b30-1.13.1/build/openjdk/hotspot/src/share/vm/classfile/systemDictionary.cpp:179
Event: 2.813 Thread 0xb6506800 Threw 0x9ea1aec0 at /build/buildd/openjdk-6-6b30-1.13.1/build/openjdk/hotspot/src/share/vm/prims/jvm.cpp:1235
Event: 2.813 Thread 0xb6506800 Threw 0x9ea1c2c8 at /build/buildd/openjdk-6-6b30-1.13.1/build/openjdk/hotspot/src/share/vm/prims/jvm.cpp:1235
Event: 3.740 Thread 0x68715800 Threw 0x9eb1c498 at /build/buildd/openjdk-6-6b30-1.13.1/build/openjdk/hotspot/src/share/vm/prims/jni.cpp:742
Event: 7004.788 Thread 0x68950000 Implicit null exception at 0xb3511172 to 0xb3512f45

Events (10 events):
Event: 5.173 loading class 0x690505f0 done
Event: 5.174 Thread 0xb6506800 Thread exited: 0xb6506800
Event: 5.174 Thread 0xb6506800 Thread added: 0xb6506800
Event: 7.971 Thread 0x689b7000 Thread exited: 0x689b7000
Event: 7004.825 Thread 0x68950000 DEOPT PACKING pc=0xb3512f64 sp=0x68a73000
Event: 7004.825 Thread 0x68950000 DEOPT UNPACKING pc=0xb34cfcbc sp=0x68a72fbc mode 2
Event: 8467.922 Thread 0x68950000 DEOPT PACKING pc=0xb3519a48 sp=0x68a73000
Event: 8467.922 Thread 0x68950000 DEOPT UNPACKING pc=0xb34cfcbc sp=0x68a73008 mode 2
Event: 12760.455 loading class 0x6c81fa20
Event: 12760.456 loading class 0x6c81fa20 done


Dynamic libraries:
08048000-08051000 r-xp 00000000 08:01 30147218   /usr/lib/jvm/java-6-openjdk-i386/jre/bin/java
08051000-08052000 r--p 00008000 08:01 30147218   /usr/lib/jvm/java-6-openjdk-i386/jre/bin/java
08052000-08053000 rw-p 00009000 08:01 30147218   /usr/lib/jvm/java-6-openjdk-i386/jre/bin/java
0942e000-0980b000 rw-p 00000000 00:00 0          [heap]
68100000-681ff000 rw-p 00000000 00:00 0 
681ff000-68200000 ---p 00000000 00:00 0 
68200000-682d6000 rw-p 00000000 00:00 0 
682d6000-68300000 ---p 00000000 00:00 0 
68300000-683d7000 rw-p 00000000 00:00 0 
683d7000-68400000 ---p 00000000 00:00 0 
68400000-68500000 rw-p 00000000 00:00 0 
68500000-685f9000 rw-p 00000000 00:00 0 
685f9000-68600000 ---p 00000000 00:00 0 
68600000-686f9000 rw-p 00000000 00:00 0 
686f9000-68700000 ---p 00000000 00:00 0 
68700000-68748000 rw-p 00000000 00:00 0 
68748000-68800000 ---p 00000000 00:00 0 
6880d000-68810000 ---p 00000000 00:00 0 
68810000-6885e000 rw-p 00000000 00:00 0          [stack:5299]
6885e000-68861000 ---p 00000000 00:00 0 
68861000-688af000 rw-p 00000000 00:00 0          [stack:5298]
688af000-688b2000 ---p 00000000 00:00 0 
688b2000-68900000 rw-p 00000000 00:00 0 
68900000-689fd000 rw-p 00000000 00:00 0 
689fd000-68a00000 ---p 00000000 00:00 0 
68a23000-68a26000 ---p 00000000 00:00 0 
68a26000-68a74000 rw-p 00000000 00:00 0          [stack:5296]
68a74000-68a7e000 r--s 00000000 08:01 11806882   /var/cache/fontconfig/6aa41aa22e18b8fa06a12da28ea9c28b-le32d4.cache-4
68a7e000-68a7f000 r--s 00000000 08:01 11806878   /var/cache/fontconfig/c05880de57d1f5e948fdfacc138775d9-le32d4.cache-4
68a7f000-68a87000 r--s 00000000 08:01 11803309   /var/cache/fontconfig/945677eb7aeaf62f1d50efc3fb3ec7d8-le32d4.cache-4
68a87000-68a89000 r--s 00000000 08:01 11804036   /var/cache/fontconfig/99e8ed0e538f840c565b6ed5dad60d56-le32d4.cache-4
68a89000-68a8f000 r--s 00000000 08:01 11798229   /var/cache/fontconfig/a6d8cf8e4ec09cdbc8633c31745a07dd-le32d4.cache-4
68a8f000-68a93000 r--s 00000000 08:01 11806873   /var/cache/fontconfig/2cd17615ca594fa2959ae173292e504c-le32d4.cache-4
68a93000-68a94000 r--s 00000000 08:01 11806871   /var/cache/fontconfig/e7071f4a29fa870f4323321c154eba04-le32d4.cache-4
68a94000-68a95000 r--s 00000000 08:01 11806865   /var/cache/fontconfig/617957603a337376ca8784972c6029f5-le32d4.cache-4
68a95000-68a96000 r--s 00000000 08:01 11805546   /var/cache/fontconfig/0d8c3b2ac0904cb8a57a757ad11a4a08-le32d4.cache-4
68a96000-68a9b000 r--s 00000000 08:01 11805479   /var/cache/fontconfig/a755afe4a08bf5b97852ceb7400b47bc-le32d4.cache-4
68a9b000-68aa4000 r--s 00000000 08:01 11803960   /var/cache/fontconfig/6d41288fd70b0be22e8c3a91e032eec0-le32d4.cache-4
68aa4000-68ab3000 r--s 00000000 08:01 11803944   /var/cache/fontconfig/04aabc0a78ac019cf9454389977116d2-le32d4.cache-4
68ab3000-68ab4000 r--s 00000000 08:01 11803923   /var/cache/fontconfig/1ac9eb803944fde146138c791f5cc56a-le32d4.cache-4
68ab4000-68ab7000 r--s 00000000 08:01 11803825   /var/cache/fontconfig/385c0604a188198f04d133e54aba7fe7-le32d4.cache-4
68ab7000-68ab8000 r--s 00000000 08:01 11803670   /var/cache/fontconfig/dc05db6664285cc2f12bf69c139ae4c3-le32d4.cache-4
68ab8000-68aba000 r--s 00000000 08:01 11803658   /var/cache/fontconfig/767a8244fc0220cfb567a839d0392e0b-le32d4.cache-4
68aba000-68abd000 r--s 00000000 08:01 11805472   /var/cache/fontconfig/8801497958630a81b71ace7c5f9b32a8-le32d4.cache-4
68abd000-68aec000 r--s 00000000 08:01 11805453   /var/cache/fontconfig/365b55f210c0a22e9a19e35191240f32-le32d4.cache-4
68aec000-68af1000 r--s 00000000 08:01 11803650   /var/cache/fontconfig/3047814df9a2f067bd2d96a2b9c36e5a-le32d4.cache-4
68af1000-68af5000 r--s 00000000 08:01 11804302   /var/cache/fontconfig/b47c4e1ecd0709278f4910c18777a504-le32d4.cache-4
68af5000-68afc000 r--s 00000000 08:01 11798227   /var/cache/fontconfig/52f7bdb7ce746bfd7eaa1985bd9cfa93-le32d4.cache-4
68afc000-68b0c000 r--s 00000000 08:01 11803425   /var/cache/fontconfig/d52a8644073d54c13679302ca1180695-le32d4.cache-4
68b0c000-68b13000 r--s 00000000 08:01 11804290   /var/cache/fontconfig/3f7329c5293ffd510edef78f73874cfd-le32d4.cache-4
68b13000-68b1c000 r--s 00000000 08:01 11803394   /var/cache/fontconfig/d589a48862398ed80a3d6066f4f56f4c-le32d4.cache-4
68b1c000-68b2d000 r--s 00000000 08:01 11804223   /var/cache/fontconfig/e13b20fdb08344e0e664864cc2ede53d-le32d4.cache-4
68b4b000-68b56000 rw-s 00000000 00:04 1240858741  /SYSV00000000 (deleted)
68b56000-68b60000 r--s 00000000 08:01 11806882   /var/cache/fontconfig/6aa41aa22e18b8fa06a12da28ea9c28b-le32d4.cache-4
68b60000-68b61000 r--s 00000000 08:01 11806878   /var/cache/fontconfig/c05880de57d1f5e948fdfacc138775d9-le32d4.cache-4
68b61000-68b69000 r--s 00000000 08:01 11803309   /var/cache/fontconfig/945677eb7aeaf62f1d50efc3fb3ec7d8-le32d4.cache-4
68b69000-68b6b000 r--s 00000000 08:01 11804036   /var/cache/fontconfig/99e8ed0e538f840c565b6ed5dad60d56-le32d4.cache-4
68b6b000-68b71000 r--s 00000000 08:01 11798229   /var/cache/fontconfig/a6d8cf8e4ec09cdbc8633c31745a07dd-le32d4.cache-4
68b71000-68b75000 r--s 00000000 08:01 11806873   /var/cache/fontconfig/2cd17615ca594fa2959ae173292e504c-le32d4.cache-4
68b75000-68b76000 r--s 00000000 08:01 11806871   /var/cache/fontconfig/e7071f4a29fa870f4323321c154eba04-le32d4.cache-4
68b76000-68b77000 r--s 00000000 08:01 11806865   /var/cache/fontconfig/617957603a337376ca8784972c6029f5-le32d4.cache-4
68b77000-68b78000 r--s 00000000 08:01 11805546   /var/cache/fontconfig/0d8c3b2ac0904cb8a57a757ad11a4a08-le32d4.cache-4
68b78000-68b7d000 r--s 00000000 08:01 11805479   /var/cache/fontconfig/a755afe4a08bf5b97852ceb7400b47bc-le32d4.cache-4
68b7d000-68b86000 r--s 00000000 08:01 11803960   /var/cache/fontconfig/6d41288fd70b0be22e8c3a91e032eec0-le32d4.cache-4
68b86000-68b95000 r--s 00000000 08:01 11803944   /var/cache/fontconfig/04aabc0a78ac019cf9454389977116d2-le32d4.cache-4
68b95000-68b96000 r--s 00000000 08:01 11803923   /var/cache/fontconfig/1ac9eb803944fde146138c791f5cc56a-le32d4.cache-4
68b96000-68b99000 r--s 00000000 08:01 11803825   /var/cache/fontconfig/385c0604a188198f04d133e54aba7fe7-le32d4.cache-4
68b99000-68b9a000 r--s 00000000 08:01 11803670   /var/cache/fontconfig/dc05db6664285cc2f12bf69c139ae4c3-le32d4.cache-4
68b9a000-68b9c000 r--s 00000000 08:01 11803658   /var/cache/fontconfig/767a8244fc0220cfb567a839d0392e0b-le32d4.cache-4
68b9c000-68b9d000 r--s 00000000 08:01 11798893   /var/cache/fontconfig/4794a0821666d79190d59a36cb4f44b5-le32d4.cache-4
68b9d000-68bcc000 r--s 00000000 08:01 11805453   /var/cache/fontconfig/365b55f210c0a22e9a19e35191240f32-le32d4.cache-4
68bcc000-68bd1000 r--s 00000000 08:01 11803650   /var/cache/fontconfig/3047814df9a2f067bd2d96a2b9c36e5a-le32d4.cache-4
68bd1000-68bd5000 r--s 00000000 08:01 11804302   /var/cache/fontconfig/b47c4e1ecd0709278f4910c18777a504-le32d4.cache-4
68bd5000-68bdc000 r--s 00000000 08:01 11798227   /var/cache/fontconfig/52f7bdb7ce746bfd7eaa1985bd9cfa93-le32d4.cache-4
68bdc000-68bec000 r--s 00000000 08:01 11803425   /var/cache/fontconfig/d52a8644073d54c13679302ca1180695-le32d4.cache-4
68bec000-68bfd000 r--s 00000000 08:01 11804223   /var/cache/fontconfig/e13b20fdb08344e0e664864cc2ede53d-le32d4.cache-4
68bfd000-68bfe000 r--s 00000000 08:01 11798893   /var/cache/fontconfig/4794a0821666d79190d59a36cb4f44b5-le32d4.cache-4
68bfe000-68bff000 r--s 00000000 08:01 11805374   /var/cache/fontconfig/56cf4f4769d0f4abc89a4895d7bd3ae1-le32d4.cache-4
68bff000-68c00000 r--s 00000000 08:01 11804479   /var/cache/fontconfig/b9d506c9ac06c20b433354fa67a72993-le32d4.cache-4
68c00000-68c01000 r--s 00000000 08:01 11803286   /var/cache/fontconfig/0c9eb80ebd1c36541ebe2852d3bb0c49-le32d4.cache-4
68c01000-68c0b000 r--s 00000000 08:01 11803089   /var/cache/fontconfig/8f02d4cb045bd6ce15663e43f347c9f8-le32d4.cache-4
68c0f000-68c17000 r-xp 00000000 08:01 30020784   /usr/lib/jvm/java-6-openjdk-i386/jre/lib/i386/libnio.so
68c17000-68c18000 r--p 00007000 08:01 30020784   /usr/lib/jvm/java-6-openjdk-i386/jre/lib/i386/libnio.so
68c18000-68c19000 rw-p 00008000 08:01 30020784   /usr/lib/jvm/java-6-openjdk-i386/jre/lib/i386/libnio.so
68c19000-68c1d000 r-xp 00000000 08:01 28843403   /usr/lib/i386-linux-gnu/libXfixes.so.3.1.0
68c1d000-68c1e000 r--p 00003000 08:01 28843403   /usr/lib/i386-linux-gnu/libXfixes.so.3.1.0
68c1e000-68c1f000 rw-p 00004000 08:01 28843403   /usr/lib/i386-linux-gnu/libXfixes.so.3.1.0
68c1f000-68c28000 r-xp 00000000 08:01 28843330   /usr/lib/i386-linux-gnu/libXcursor.so.1.0.2
68c28000-68c29000 r--p 00008000 08:01 28843330   /usr/lib/i386-linux-gnu/libXcursor.so.1.0.2
68c29000-68c2a000 rw-p 00009000 08:01 28843330   /usr/lib/i386-linux-gnu/libXcursor.so.1.0.2
68c2d000-68c43000 r-xp 00000000 08:01 30020809   /usr/lib/jvm/java-6-openjdk-i386/jre/lib/i386/libnet.so
68c43000-68c44000 r--p 00015000 08:01 30020809   /usr/lib/jvm/java-6-openjdk-i386/jre/lib/i386/libnet.so
68c44000-68c45000 rw-p 00016000 08:01 30020809   /usr/lib/jvm/java-6-openjdk-i386/jre/lib/i386/libnet.so
68c45000-68c48000 r--s 00000000 08:01 11798226   /var/cache/fontconfig/7ef2298fde41cc6eeb7af42e48b7d293-le32d4.cache-4
68c48000-68c49000 r--s 00000000 08:01 11803090   /var/cache/fontconfig/16326683038b281783a0ef8c680e3a10-le32d4.cache-4
68c49000-68c4a000 r--s 00000000 08:01 11803029   /var/cache/fontconfig/e0aa53bcfa504e64f87823c16bc01eb6-le32d4.cache-4
68c4a000-68c60000 r--s 00000000 08:01 11806869   /var/cache/fontconfig/467c019e582ee353435ea5c21d137ef6-le32d4.cache-4
68c60000-68c63000 ---p 00000000 00:00 0 
68c63000-68cb1000 rw-p 00000000 00:00 0          [stack:5295]
68cb1000-68d4b000 r-xp 00000000 08:01 28836293   /usr/lib/i386-linux-gnu/libfreetype.so.6.10.1
68d4b000-68d4f000 r--p 00099000 08:01 28836293   /usr/lib/i386-linux-gnu/libfreetype.so.6.10.1
68d4f000-68d50000 rw-p 0009d000 08:01 28836293   /usr/lib/i386-linux-gnu/libfreetype.so.6.10.1
68d50000-68d9b000 r-xp 00000000 08:01 30021808   /usr/lib/jvm/java-6-openjdk-i386/jre/lib/i386/libfontmanager.so
68d9b000-68d9c000 ---p 0004b000 08:01 30021808   /usr/lib/jvm/java-6-openjdk-i386/jre/lib/i386/libfontmanager.so
68d9c000-68d9d000 r--p 0004b000 08:01 30021808   /usr/lib/jvm/java-6-openjdk-i386/jre/lib/i386/libfontmanager.so
68d9d000-68d9e000 rw-p 0004c000 08:01 30021808   /usr/lib/jvm/java-6-openjdk-i386/jre/lib/i386/libfontmanager.so
68d9e000-68dbd000 r-xp 00000000 08:01 28837508   /usr/lib/i386-linux-gnu/libxcb.so.1.1.0
68dbd000-68dbe000 r--p 0001f000 08:01 28837508   /usr/lib/i386-linux-gnu/libxcb.so.1.1.0
68dbe000-68dbf000 rw-p 00020000 08:01 28837508   /usr/lib/i386-linux-gnu/libxcb.so.1.1.0
68dbf000-68eef000 r-xp 00000000 08:01 28836655   /usr/lib/i386-linux-gnu/libX11.so.6.3.0
68eef000-68ef0000 ---p 00130000 08:01 28836655   /usr/lib/i386-linux-gnu/libX11.so.6.3.0
68ef0000-68ef1000 r--p 00130000 08:01 28836655   /usr/lib/i386-linux-gnu/libX11.so.6.3.0
68ef1000-68ef3000 rw-p 00131000 08:01 28836655   /usr/lib/i386-linux-gnu/libX11.so.6.3.0
68ef3000-68ef4000 rw-p 00000000 00:00 0 
68ef4000-68f41000 r-xp 00000000 08:01 1310722    /usr/lib/jvm/java-6-openjdk-i386/jre/lib/i386/xawt/libmawt.so
68f41000-68f42000 r--p 0004c000 08:01 1310722    /usr/lib/jvm/java-6-openjdk-i386/jre/lib/i386/xawt/libmawt.so
68f42000-68f44000 rw-p 0004d000 08:01 1310722    /usr/lib/jvm/java-6-openjdk-i386/jre/lib/i386/xawt/libmawt.so
68f44000-68f45000 rw-p 00000000 00:00 0 
68f45000-68fd4000 r-xp 00000000 08:01 30020795   /usr/lib/jvm/java-6-openjdk-i386/jre/lib/i386/libawt.so
68fd4000-68fd5000 r--p 0008e000 08:01 30020795   /usr/lib/jvm/java-6-openjdk-i386/jre/lib/i386/libawt.so
68fd5000-68fdc000 rw-p 0008f000 08:01 30020795   /usr/lib/jvm/java-6-openjdk-i386/jre/lib/i386/libawt.so
68fdc000-69000000 rw-p 00000000 00:00 0 
69000000-69100000 rw-p 00000000 00:00 0 
69100000-69107000 r--s 00000000 08:01 11804290   /var/cache/fontconfig/3f7329c5293ffd510edef78f73874cfd-le32d4.cache-4
69107000-69108000 ---p 00000000 00:00 0 
69108000-69188000 rw-p 00000000 00:00 0          [stack:5292]
69188000-6918b000 ---p 00000000 00:00 0 
6918b000-691d9000 rw-p 00000000 00:00 0          [stack:5291]
691d9000-691dc000 ---p 00000000 00:00 0 
691dc000-6925a000 rw-p 00000000 00:00 0          [stack:5290]
6925a000-6925d000 ---p 00000000 00:00 0 
6925d000-692db000 rw-p 00000000 00:00 0          [stack:5289]
692db000-692de000 ---p 00000000 00:00 0 
692de000-6932c000 rw-p 00000000 00:00 0          [stack:5288]
6932c000-6945e000 r--p 0043d000 08:01 28836048   /usr/lib/locale/locale-archive
6945e000-6965e000 r--p 00000000 08:01 28836048   /usr/lib/locale/locale-archive
6965e000-69661000 ---p 00000000 00:00 0 
69661000-696af000 rw-p 00000000 00:00 0          [stack:5287]
696af000-696b2000 ---p 00000000 00:00 0 
696b2000-69700000 rw-p 00000000 00:00 0          [stack:5286]
69700000-697ff000 rw-p 00000000 00:00 0 
697ff000-69800000 ---p 00000000 00:00 0 
69800000-69803000 r--s 00000000 08:01 11805472   /var/cache/fontconfig/8801497958630a81b71ace7c5f9b32a8-le32d4.cache-4
69803000-6980c000 r--s 00000000 08:01 11803394   /var/cache/fontconfig/d589a48862398ed80a3d6066f4f56f4c-le32d4.cache-4
6980c000-69816000 r--s 00000000 08:01 11803089   /var/cache/fontconfig/8f02d4cb045bd6ce15663e43f347c9f8-le32d4.cache-4
69816000-6981b000 r-xp 00000000 08:01 28837387   /usr/lib/i386-linux-gnu/libXdmcp.so.6.0.0
6981b000-6981c000 r--p 00004000 08:01 28837387   /usr/lib/i386-linux-gnu/libXdmcp.so.6.0.0
6981c000-6981d000 rw-p 00005000 08:01 28837387   /usr/lib/i386-linux-gnu/libXdmcp.so.6.0.0
6981d000-6982c000 r-xp 00000000 08:01 28839510   /usr/lib/i386-linux-gnu/libXi.so.6.1.0
6982c000-6982d000 r--p 0000e000 08:01 28839510   /usr/lib/i386-linux-gnu/libXi.so.6.1.0
6982d000-6982e000 rw-p 0000f000 08:01 28839510   /usr/lib/i386-linux-gnu/libXi.so.6.1.0
6982e000-69833000 r-xp 00000000 08:01 28841946   /usr/lib/i386-linux-gnu/libXtst.so.6.1.0
69833000-69834000 r--p 00004000 08:01 28841946   /usr/lib/i386-linux-gnu/libXtst.so.6.1.0
69834000-69835000 rw-p 00005000 08:01 28841946   /usr/lib/i386-linux-gnu/libXtst.so.6.1.0
69835000-69836000 r--s 00000000 08:01 11805374   /var/cache/fontconfig/56cf4f4769d0f4abc89a4895d7bd3ae1-le32d4.cache-4
69836000-69837000 r--s 00000000 08:01 11804479   /var/cache/fontconfig/b9d506c9ac06c20b433354fa67a72993-le32d4.cache-4
69837000-6983a000 r--s 00000000 08:01 11798226   /var/cache/fontconfig/7ef2298fde41cc6eeb7af42e48b7d293-le32d4.cache-4
6983a000-69850000 r--s 00000000 08:01 11806869   /var/cache/fontconfig/467c019e582ee353435ea5c21d137ef6-le32d4.cache-4
69850000-699e6000 r--s 01a09000 08:01 30020774   /usr/lib/jvm/java-6-openjdk-i386/jre/lib/rt.jar
699e6000-6c800000 rw-p 00000000 00:00 0 
6c800000-6c8fe000 rw-p 00000000 00:00 0 
6c8fe000-6c900000 ---p 00000000 00:00 0 
6c900000-6c901000 r--s 00000000 08:01 11803286   /var/cache/fontconfig/0c9eb80ebd1c36541ebe2852d3bb0c49-le32d4.cache-4
6c901000-6c90a000 r-xp 00000000 08:01 28844264   /usr/lib/i386-linux-gnu/libXrender.so.1.3.0
6c90a000-6c90b000 r--p 00008000 08:01 28844264   /usr/lib/i386-linux-gnu/libXrender.so.1.3.0
6c90b000-6c90c000 rw-p 00009000 08:01 28844264   /usr/lib/i386-linux-gnu/libXrender.so.1.3.0
6c90c000-6c94c000 r--p 002bd000 08:01 28836048   /usr/lib/locale/locale-archive
6c94c000-6c94d000 ---p 00000000 00:00 0 
6c94d000-6ca00000 rw-p 00000000 00:00 0          [stack:5285]
6ca00000-6ca21000 rw-p 00000000 00:00 0 
6ca21000-6cb00000 ---p 00000000 00:00 0 
6cb00000-6cb01000 r--s 00000000 08:01 11803090   /var/cache/fontconfig/16326683038b281783a0ef8c680e3a10-le32d4.cache-4
6cb01000-6cb03000 r-xp 00000000 08:01 28839568   /usr/lib/i386-linux-gnu/libXau.so.6.0.0
6cb03000-6cb04000 r--p 00001000 08:01 28839568   /usr/lib/i386-linux-gnu/libXau.so.6.0.0
6cb04000-6cb05000 rw-p 00002000 08:01 28839568   /usr/lib/i386-linux-gnu/libXau.so.6.0.0
6cb05000-6cb16000 r-xp 00000000 08:01 28841942   /usr/lib/i386-linux-gnu/libXext.so.6.4.0
6cb16000-6cb17000 r--p 00010000 08:01 28841942   /usr/lib/i386-linux-gnu/libXext.so.6.4.0
6cb17000-6cb18000 rw-p 00011000 08:01 28841942   /usr/lib/i386-linux-gnu/libXext.so.6.4.0
6cb18000-6cb1f000 r--s 00053000 08:01 29627822   /usr/lib/jvm/java-6-openjdk-common/jre/lib/resources.jar
6cb1f000-6cb20000 ---p 00000000 00:00 0 
6cb20000-6cba0000 rw-p 00000000 00:00 0          [stack:5283]
6cba0000-6cba1000 ---p 00000000 00:00 0 
6cba1000-6cc29000 rw-p 00000000 00:00 0          [stack:5282]
6cc29000-6cc61000 rw-p 00000000 00:00 0 
6cc61000-6cc76000 rw-p 00000000 00:00 0 
6cc76000-6cdad000 rw-p 00000000 00:00 0 
6cdad000-6cdb5000 rw-p 00000000 00:00 0 
6cdb5000-6cded000 rw-p 00000000 00:00 0 
6cded000-6ce02000 rw-p 00000000 00:00 0 
6ce02000-6cf39000 rw-p 00000000 00:00 0 
6cf39000-6cf44000 rw-p 00000000 00:00 0 
6cf44000-6cfdf000 rw-p 00000000 00:00 0 
6cfdf000-6dfe0000 rw-p 00000000 00:00 0 
6dfe0000-74fe0000 rw-p 00000000 00:00 0 
74fe0000-77960000 rw-p 00000000 00:00 0 
77960000-9e7e0000 rw-p 00000000 00:00 0 
9e7e0000-9fca0000 rw-p 00000000 00:00 0 
9fca0000-b33e0000 rw-p 00000000 00:00 0 
b33e0000-b33e3000 r--s 00031000 08:01 29627825   /usr/lib/jvm/java-6-openjdk-common/jre/lib/ext/sunjce_provider.jar
b33e3000-b33ec000 rw-p 00000000 00:00 0 
b33ec000-b34a3000 rw-p 00000000 00:00 0 
b34a3000-b36e3000 rwxp 00000000 00:00 0 
b36e3000-b64a3000 rw-p 00000000 00:00 0 
b64a3000-b64ae000 r-xp 00000000 08:01 27525530   /lib/i386-linux-gnu/libnss_files-2.17.so
b64ae000-b64af000 r--p 0000a000 08:01 27525530   /lib/i386-linux-gnu/libnss_files-2.17.so
b64af000-b64b0000 rw-p 0000b000 08:01 27525530   /lib/i386-linux-gnu/libnss_files-2.17.so
b64b0000-b64ba000 r-xp 00000000 08:01 27525526   /lib/i386-linux-gnu/libnss_nis-2.17.so
b64ba000-b64bb000 r--p 00009000 08:01 27525526   /lib/i386-linux-gnu/libnss_nis-2.17.so
b64bb000-b64bc000 rw-p 0000a000 08:01 27525526   /lib/i386-linux-gnu/libnss_nis-2.17.so
b64bc000-b64d1000 r-xp 00000000 08:01 27525504   /lib/i386-linux-gnu/libnsl-2.17.so
b64d1000-b64d2000 r--p 00014000 08:01 27525504   /lib/i386-linux-gnu/libnsl-2.17.so
b64d2000-b64d3000 rw-p 00015000 08:01 27525504   /lib/i386-linux-gnu/libnsl-2.17.so
b64d3000-b64d5000 rw-p 00000000 00:00 0 
b64d5000-b64fd000 r-xp 00000000 08:01 30020819   /usr/lib/jvm/java-6-openjdk-i386/jre/lib/i386/libjava.so
b64fd000-b64fe000 r--p 00027000 08:01 30020819   /usr/lib/jvm/java-6-openjdk-i386/jre/lib/i386/libjava.so
b64fe000-b6500000 rw-p 00028000 08:01 30020819   /usr/lib/jvm/java-6-openjdk-i386/jre/lib/i386/libjava.so
b6500000-b65f1000 rw-p 00000000 00:00 0 
b65f1000-b6600000 ---p 00000000 00:00 0 
b6600000-b6601000 r--s 00000000 08:01 11803029   /var/cache/fontconfig/e0aa53bcfa504e64f87823c16bc01eb6-le32d4.cache-4
b6601000-b6603000 r--s 00006000 08:01 29098403   /usr/share/java/java-atk-wrapper.jar
b6603000-b6607000 r--s 00039000 08:01 29627823   /usr/lib/jvm/java-6-openjdk-common/jre/lib/ext/sunpkcs11.jar
b6607000-b660a000 r--s 00077000 08:01 29627824   /usr/lib/jvm/java-6-openjdk-common/jre/lib/ext/localedata.jar
b660a000-b660d000 r--s 0000f000 08:01 29627826   /usr/lib/jvm/java-6-openjdk-common/jre/lib/ext/pulse-java.jar
b660d000-b660f000 r--s 00001000 08:01 29627827   /usr/lib/jvm/java-6-openjdk-common/jre/lib/ext/dnsns.jar
b660f000-b6617000 r-xp 00000000 08:01 30020782   /usr/lib/jvm/java-6-openjdk-i386/jre/lib/i386/libzip.so
b6617000-b6618000 r--p 00007000 08:01 30020782   /usr/lib/jvm/java-6-openjdk-i386/jre/lib/i386/libzip.so
b6618000-b6619000 rw-p 00008000 08:01 30020782   /usr/lib/jvm/java-6-openjdk-i386/jre/lib/i386/libzip.so
b6619000-b6621000 rw-s 00000000 08:01 7077946    /tmp/hsperfdata_shellariandra/5272
b6621000-b6628000 r-xp 00000000 08:01 27525179   /lib/i386-linux-gnu/librt-2.17.so
b6628000-b6629000 r--p 00006000 08:01 27525179   /lib/i386-linux-gnu/librt-2.17.so
b6629000-b662a000 rw-p 00007000 08:01 27525179   /lib/i386-linux-gnu/librt-2.17.so
b662a000-b662d000 ---p 00000000 00:00 0 
b662d000-b667b000 rw-p 00000000 00:00 0          [stack:5277]
b667b000-b6696000 r-xp 00000000 08:01 27525325   /lib/i386-linux-gnu/libgcc_s.so.1
b6696000-b6697000 r--p 0001a000 08:01 27525325   /lib/i386-linux-gnu/libgcc_s.so.1
b6697000-b6698000 rw-p 0001b000 08:01 27525325   /lib/i386-linux-gnu/libgcc_s.so.1
b6698000-b66d9000 r-xp 00000000 08:01 27525524   /lib/i386-linux-gnu/libm-2.17.so
b66d9000-b66da000 r--p 00040000 08:01 27525524   /lib/i386-linux-gnu/libm-2.17.so
b66da000-b66db000 rw-p 00041000 08:01 27525524   /lib/i386-linux-gnu/libm-2.17.so
b66db000-b67b8000 r-xp 00000000 08:01 28842317   /usr/lib/i386-linux-gnu/libstdc++.so.6.0.18
b67b8000-b67bc000 r--p 000dc000 08:01 28842317   /usr/lib/i386-linux-gnu/libstdc++.so.6.0.18
b67bc000-b67bd000 rw-p 000e0000 08:01 28842317   /usr/lib/i386-linux-gnu/libstdc++.so.6.0.18
b67bd000-b67c4000 rw-p 00000000 00:00 0 
b67c4000-b70de000 r-xp 00000000 08:01 30020786   /usr/lib/jvm/java-6-openjdk-i386/jre/lib/i386/server/libjvm.so
b70de000-b70df000 ---p 0091a000 08:01 30020786   /usr/lib/jvm/java-6-openjdk-i386/jre/lib/i386/server/libjvm.so
b70df000-b7123000 r--p 0091a000 08:01 30020786   /usr/lib/jvm/java-6-openjdk-i386/jre/lib/i386/server/libjvm.so
b7123000-b7137000 rw-p 0095e000 08:01 30020786   /usr/lib/jvm/java-6-openjdk-i386/jre/lib/i386/server/libjvm.so
b7137000-b7555000 rw-p 00000000 00:00 0 
b7555000-b756d000 r-xp 00000000 08:01 27525171   /lib/i386-linux-gnu/libz.so.1.2.8
b756d000-b756e000 r--p 00017000 08:01 27525171   /lib/i386-linux-gnu/libz.so.1.2.8
b756e000-b756f000 rw-p 00018000 08:01 27525171   /lib/i386-linux-gnu/libz.so.1.2.8
b756f000-b771d000 r-xp 00000000 08:01 27525518   /lib/i386-linux-gnu/libc-2.17.so
b771d000-b771f000 r--p 001ae000 08:01 27525518   /lib/i386-linux-gnu/libc-2.17.so
b771f000-b7720000 rw-p 001b0000 08:01 27525518   /lib/i386-linux-gnu/libc-2.17.so
b7720000-b7723000 rw-p 00000000 00:00 0 
b7723000-b7726000 r-xp 00000000 08:01 27525519   /lib/i386-linux-gnu/libdl-2.17.so
b7726000-b7727000 r--p 00002000 08:01 27525519   /lib/i386-linux-gnu/libdl-2.17.so
b7727000-b7728000 rw-p 00003000 08:01 27525519   /lib/i386-linux-gnu/libdl-2.17.so
b7728000-b772c000 r-xp 00000000 08:01 30147254   /usr/lib/jvm/java-6-openjdk-i386/jre/lib/i386/jli/libjli.so
b772c000-b772d000 r--p 00003000 08:01 30147254   /usr/lib/jvm/java-6-openjdk-i386/jre/lib/i386/jli/libjli.so
b772d000-b772e000 rw-p 00004000 08:01 30147254   /usr/lib/jvm/java-6-openjdk-i386/jre/lib/i386/jli/libjli.so
b772e000-b772f000 rw-p 00000000 00:00 0 
b772f000-b7746000 r-xp 00000000 08:01 27525523   /lib/i386-linux-gnu/libpthread-2.17.so
b7746000-b7747000 r--p 00016000 08:01 27525523   /lib/i386-linux-gnu/libpthread-2.17.so
b7747000-b7748000 rw-p 00017000 08:01 27525523   /lib/i386-linux-gnu/libpthread-2.17.so
b7748000-b774a000 rw-p 00000000 00:00 0 
b774a000-b7751000 r-xp 00000000 08:01 27525521   /lib/i386-linux-gnu/libnss_compat-2.17.so
b7751000-b7752000 r--p 00006000 08:01 27525521   /lib/i386-linux-gnu/libnss_compat-2.17.so
b7752000-b7753000 rw-p 00007000 08:01 27525521   /lib/i386-linux-gnu/libnss_compat-2.17.so
b7753000-b7754000 rw-p 00000000 00:00 0 
b7754000-b7755000 r--p 00000000 00:00 0 
b7755000-b7763000 r-xp 00000000 08:01 30020797   /usr/lib/jvm/java-6-openjdk-i386/jre/lib/i386/libverify.so
b7763000-b7764000 r--p 0000d000 08:01 30020797   /usr/lib/jvm/java-6-openjdk-i386/jre/lib/i386/libverify.so
b7764000-b7765000 rw-p 0000e000 08:01 30020797   /usr/lib/jvm/java-6-openjdk-i386/jre/lib/i386/libverify.so
b7765000-b7767000 rw-p 00000000 00:00 0 
b7767000-b7768000 r-xp 00000000 00:00 0          [vdso]
b7768000-b7788000 r-xp 00000000 08:01 27525509   /lib/i386-linux-gnu/ld-2.17.so
b7788000-b7789000 r--p 0001f000 08:01 27525509   /lib/i386-linux-gnu/ld-2.17.so
b7789000-b778a000 rw-p 00020000 08:01 27525509   /lib/i386-linux-gnu/ld-2.17.so
bfe03000-bfe24000 rw-p 00000000 00:00 0          [stack]

VM Arguments:
jvm_args: -Dfile.encoding=UTF-8 
java_command: ru.nsu.fit.vasilieva.computer_graphics.task1specific.MenuController
Launcher Type: SUN_STANDARD

Environment Variables:
PATH=/usr/lib/lightdm/lightdm:/usr/local/sbin:/usr/local/bin:/usr/sbin:/usr/bin:/sbin:/bin:/usr/games:/usr/local/games
LD_LIBRARY_PATH=/usr/lib/jvm/java-6-openjdk-i386/jre/lib/i386/server:/usr/lib/jvm/java-6-openjdk-i386/jre/lib/i386:/usr/lib/jvm/java-6-openjdk-i386/jre/../lib/i386:/usr/lib/jvm/jdk1.7.0/jre/lib/i386/client:/usr/lib/jvm/jdk1.7.0/jre/lib/i386:
SHELL=/bin/bash
DISPLAY=:0

Signal Handlers:
SIGSEGV: [libjvm.so+0x7634c0], sa_mask[0]=0x7ffbfeff, sa_flags=0x10000004
SIGBUS: [libjvm.so+0x7634c0], sa_mask[0]=0x7ffbfeff, sa_flags=0x10000004
SIGFPE: [libjvm.so+0x604970], sa_mask[0]=0x7ffbfeff, sa_flags=0x10000004
SIGPIPE: [libjvm.so+0x604970], sa_mask[0]=0x7ffbfeff, sa_flags=0x10000004
SIGXFSZ: [libjvm.so+0x604970], sa_mask[0]=0x7ffbfeff, sa_flags=0x10000004
SIGILL: [libjvm.so+0x604970], sa_mask[0]=0x7ffbfeff, sa_flags=0x10000004
SIGUSR1: SIG_DFL, sa_mask[0]=0x00000000, sa_flags=0x00000000
SIGUSR2: [libjvm.so+0x6046c0], sa_mask[0]=0x00000004, sa_flags=0x10000004
SIGHUP: [libjvm.so+0x6049b0], sa_mask[0]=0x7ffbfeff, sa_flags=0x10000004
SIGINT: [libjvm.so+0x6049b0], sa_mask[0]=0x7ffbfeff, sa_flags=0x10000004
SIGTERM: [libjvm.so+0x6049b0], sa_mask[0]=0x7ffbfeff, sa_flags=0x10000004
SIGQUIT: [libjvm.so+0x6049b0], sa_mask[0]=0x7ffbfeff, sa_flags=0x10000004


---------------  S Y S T E M  ---------------

OS:Ubuntu 13.10 (saucy)
uname:Linux 3.11.0-17-generic #31-Ubuntu SMP Mon Feb 3 21:53:31 UTC 2014 i686
libc:glibc 2.17 NPTL 2.17 
rlimit: STACK 8192k, CORE 0k, NPROC 31715, NOFILE 4096, AS infinity
load average:2.88 1.17 0.84

/proc/meminfo:
MemTotal:        4077088 kB
MemFree:          610040 kB
Buffers:          121448 kB
Cached:          1446352 kB
SwapCached:           68 kB
Active:          2377152 kB
Inactive:         955332 kB
Active(anon):    1679152 kB
Inactive(anon):   292840 kB
Active(file):     698000 kB
Inactive(file):   662492 kB
Unevictable:          48 kB
Mlocked:              48 kB
HighTotal:       3227908 kB
HighFree:         370572 kB
LowTotal:         849180 kB
LowFree:          239468 kB
SwapTotal:       4139004 kB
SwapFree:        4138776 kB
Dirty:               476 kB
Writeback:             0 kB
AnonPages:       1764688 kB
Mapped:           262284 kB
Shmem:            207388 kB
Slab:              85996 kB
SReclaimable:      61064 kB
SUnreclaim:        24932 kB
KernelStack:        8192 kB
PageTables:        18700 kB
NFS_Unstable:          0 kB
Bounce:              248 kB
WritebackTmp:          0 kB
CommitLimit:     6177548 kB
Committed_AS:    7771316 kB
VmallocTotal:     122880 kB
VmallocUsed:       16680 kB
VmallocChunk:     105208 kB
HardwareCorrupted:     0 kB
AnonHugePages:         0 kB
HugePages_Total:       0
HugePages_Free:        0
HugePages_Rsvd:        0
HugePages_Surp:        0
Hugepagesize:       2048 kB
DirectMap4k:       12280 kB
DirectMap2M:      901120 kB


CPU:total 2 (2 cores per cpu, 1 threads per core) family 6 model 42 stepping 7, cmov, cx8, fxsr, mmx, sse, sse2, sse3, ssse3, sse4.1, sse4.2, popcnt, tsc, tscinvbit

/proc/cpuinfo:
processor	: 0
vendor_id	: GenuineIntel
cpu family	: 6
model		: 42
model name	: Intel(R) Pentium(R) CPU B960 @ 2.20GHz
stepping	: 7
microcode	: 0x23
cpu MHz		: 2200.000
cache size	: 2048 KB
physical id	: 0
siblings	: 2
core id		: 0
cpu cores	: 2
apicid		: 0
initial apicid	: 0
fdiv_bug	: no
f00f_bug	: no
coma_bug	: no
fpu		: yes
fpu_exception	: yes
cpuid level	: 13
wp		: yes
flags		: fpu vme de pse tsc msr pae mce cx8 apic sep mtrr pge mca cmov pat pse36 clflush dts acpi mmx fxsr sse sse2 ss ht tm pbe nx rdtscp lm constant_tsc arch_perfmon pebs bts xtopology nonstop_tsc aperfmperf eagerfpu pni pclmulqdq dtes64 monitor ds_cpl est tm2 ssse3 cx16 xtpr pdcm pcid sse4_1 sse4_2 x2apic popcnt tsc_deadline_timer xsave lahf_lm arat epb xsaveopt pln pts dtherm
bogomips	: 4389.75
clflush size	: 64
cache_alignment	: 64
address sizes	: 36 bits physical, 48 bits virtual
power management:

processor	: 1
vendor_id	: GenuineIntel
cpu family	: 6
model		: 42
model name	: Intel(R) Pentium(R) CPU B960 @ 2.20GHz
stepping	: 7
microcode	: 0x23
cpu MHz		: 2200.000
cache size	: 2048 KB
physical id	: 0
siblings	: 2
core id		: 1
cpu cores	: 2
apicid		: 2
initial apicid	: 2
fdiv_bug	: no
f00f_bug	: no
coma_bug	: no
fpu		: yes
fpu_exception	: yes
cpuid level	: 13
wp		: yes
flags		: fpu vme de pse tsc msr pae mce cx8 apic sep mtrr pge mca cmov pat pse36 clflush dts acpi mmx fxsr sse sse2 ss ht tm pbe nx rdtscp lm constant_tsc arch_perfmon pebs bts xtopology nonstop_tsc aperfmperf eagerfpu pni pclmulqdq dtes64 monitor ds_cpl est tm2 ssse3 cx16 xtpr pdcm pcid sse4_1 sse4_2 x2apic popcnt tsc_deadline_timer xsave lahf_lm arat epb xsaveopt pln pts dtherm
bogomips	: 4389.75
clflush size	: 64
cache_alignment	: 64
address sizes	: 36 bits physical, 48 bits virtual
power management:



Memory: 4k page, physical 4077088k(610040k free), swap 4139004k(4138776k free)

vm_info: OpenJDK Server VM (23.25-b01) for linux-x86 JRE (1.6.0_30-b30), built on Feb 25 2014 23:17:44 by "buildd" with gcc 4.8.1

time: Wed Mar  5 15:52:58 2014
elapsed time: 12760 seconds

